concept-parser.js:204 Error evaluating concept expression: SyntaxError: Unexpected token 'false'
    at new Function (<anonymous>)
    at evaluateConceptExpression (concept-parser.js:202:16)
    at ConceptManager.evaluateExpression (concept-manager.js:95:16)
    at concept-manager.js:271:44
    at Array.forEach (<anonymous>)
    at ConceptManager.createConceptUI (concept-manager.js:250:33)
    at ConceptModal.createModal (concept-modal.js:131:29)
    at ConceptModal.initialize (concept-modal.js:30:18)
    at async ConceptIntegration.initialize (concept-integration.js:27:13) Expression: false && false && (NOT false || !false) && false && false
overrideMethod @ hook.js:608
evaluateConceptExpression @ concept-parser.js:204
evaluateExpression @ concept-manager.js:95
(anonymous) @ concept-manager.js:271
createConceptUI @ concept-manager.js:250
createModal @ concept-modal.js:131
initialize @ concept-modal.js:30
await in initialize
initialize @ concept-integration.js:27
(anonymous) @ app.js:9
Promise.then
(anonymous) @ app.js:5
e @ jquery-3.6.0.min.js:2
t @ jquery-3.6.0.min.js:2
setTimeout
(anonymous) @ jquery-3.6.0.min.js:2
c @ jquery-3.6.0.min.js:2
fireWith @ jquery-3.6.0.min.js:2
fire @ jquery-3.6.0.min.js:2
c @ jquery-3.6.0.min.js:2
fireWith @ jquery-3.6.0.min.js:2
ready @ jquery-3.6.0.min.js:2
B @ jquery-3.6.0.min.js:2
concept-parser.js:206 Original expression: [%{EASHOWMAGORDERS} AND {EAPROTOCOLMAGIV} AND (NOT {EAPROTOCOLMAGORAL} OR NOT {EACRITERIANOTNPO}) AND {EACRITERIAVALIDMAGRESULT4H} AND {EALABMAGBTW14AND19}%]
concept-parser.js:207 Processed expression: false && false && (NOT false || !false) && false && false
concept-parser.js:208 Concept values: {EALABMAGALERT: {…}, EACRITERIANODIALYSIS: {…}, EACRITERIAWEIGHT: {…}, WEIGHTDOSING: {…}, EACRITERIADIGOXINCARDIAC: {…}, …}
concept-parser.js:204 Error evaluating concept expression: SyntaxError: Unexpected token 'false'
    at new Function (<anonymous>)
    at evaluateConceptExpression (concept-parser.js:202:16)
    at ConceptManager.evaluateExpression (concept-manager.js:95:16)
    at concept-manager.js:271:44
    at Array.forEach (<anonymous>)
    at ConceptManager.createConceptUI (concept-manager.js:250:33)
    at ConceptModal.createModal (concept-modal.js:131:29)
    at ConceptModal.initialize (concept-modal.js:30:18)
    at async ConceptIntegration.initialize (concept-integration.js:27:13) Expression: false && false && (NOT false || !false) && false && false
overrideMethod @ hook.js:608
evaluateConceptExpression @ concept-parser.js:204
evaluateExpression @ concept-manager.js:95
(anonymous) @ concept-manager.js:271
createConceptUI @ concept-manager.js:250
createModal @ concept-modal.js:131
initialize @ concept-modal.js:30
await in initialize
initialize @ concept-integration.js:27
(anonymous) @ app.js:9
Promise.then
(anonymous) @ app.js:5
e @ jquery-3.6.0.min.js:2
t @ jquery-3.6.0.min.js:2
setTimeout
(anonymous) @ jquery-3.6.0.min.js:2
c @ jquery-3.6.0.min.js:2
fireWith @ jquery-3.6.0.min.js:2
fire @ jquery-3.6.0.min.js:2
c @ jquery-3.6.0.min.js:2
fireWith @ jquery-3.6.0.min.js:2
ready @ jquery-3.6.0.min.js:2
B @ jquery-3.6.0.min.js:2
concept-parser.js:206 Original expression: [%{EASHOWPHOSORDERS} AND {EAPROTOCOLPHOSIV} AND (NOT {EAPROTOCOLPHOSORAL} OR NOT {EACRITERIANOTNPO}) AND {EACRITERIAVALIDPHOSRESULT4H} AND {EALABPHOSBTW10AND20}%]
concept-parser.js:207 Processed expression: false && false && (NOT false || !false) && false && false
concept-parser.js:208 Concept values: {EALABMAGALERT: {…}, EACRITERIANODIALYSIS: {…}, EACRITERIAWEIGHT: {…}, WEIGHTDOSING: {…}, EACRITERIADIGOXINCARDIAC: {…}, …}
