index.html:83 Live reload enabled.
favicon.ico:1 
            
            
           Failed to load resource: the server responded with a status of 404 (Not Found)
test-patient-ui.js:31 Initializing TestPatientUI...
test-patient-ui.js:975 DEBUG: Loaded model configuration structure: {"RCONFIG":{"TABS":[{"TAB_NAME":"Magnesium","TAB_KEY":"MAGNESIUM","MNEMONICS":[{"MNEMONIC":"Magnesiu...
test-patient-ui.js:42 TestPatientUI initialized successfully
navbar.js:94 Navbar created and added to document
test-patient-ui.js:55 Creating test patient icon...
test-patient-ui.js:72 Container is a string: app-container
test-patient-ui.js:78 Treating as ID selector: #app-container
test-patient-ui.js:85 Appended icon to element found with selector: #app-container
test-patient-ui.js:122 Test patient icon created
test-patient-ui.js:130 Showing test patient manager...
test-patient-ui.js:185 Creating patient list...
test-patient-ui.js:232 Patient list created with 2 patients
test-patient-ui.js:177 Test patient manager shown
test-patient-ui.js:240 Selecting patient with ID: m7rtc0rq7lsh5
test-patient-ui.js:320 Selected patient: Adult Male Patient
test-patient-ui.js:329 Selecting test case with ID: m7rtcg9r0ok9u for patient ID: m7rtc0rq7lsh5
test-patient-ui.js:446 Applying test case: Potassium Level 2.9
test-patient-ui.js:460 Set concept EALABMAGALERT to value: null
test-patient-ui.js:460 Set concept EACRITERIANODIALYSIS to value: null
test-patient-ui.js:460 Set concept EACRITERIAWEIGHT to value: null
test-patient-ui.js:460 Set concept WEIGHTDOSING to value: null
test-patient-ui.js:460 Set concept EACRITERIADIGOXINCARDIAC to value: null
test-patient-ui.js:460 Set concept EACRITERIACREATININECLEARANCE to value: null
test-patient-ui.js:460 Set concept EACRITERIASERUMCREATININE to value: null
test-patient-ui.js:460 Set concept EASHOWMAGORDERS to value: null
test-patient-ui.js:460 Set concept EAPROTOCOLMAGIV to value: null
test-patient-ui.js:460 Set concept EACRITERIAVALIDMAGRESULT4H to value: null
test-patient-ui.js:460 Set concept EALABMAGBTW00AND13 to value: null
test-patient-ui.js:460 Set concept EAPROTOCOLMAGORAL to value: null
test-patient-ui.js:460 Set concept EACRITERIANOTNPO to value: null
test-patient-ui.js:460 Set concept EALABMAGBTW14AND19 to value: null
test-patient-ui.js:460 Set concept EALABPOTALERT to value: null
test-patient-ui.js:460 Set concept EASHOWPOTORDERS to value: null
test-patient-ui.js:460 Set concept EAPROTOCOLPOT to value: null
test-patient-ui.js:460 Set concept EACRITERIAVALIDPOTRESULT4H to value: null
test-patient-ui.js:460 Set concept EALABPOTBTW00AND24 to value: null
test-patient-ui.js:460 Set concept EALABPOTBTW25AND29 to value: null
test-patient-ui.js:460 Set concept EALABPOTTODO to value: null
test-patient-ui.js:460 Set concept EALABPOTBTW30AND34 to value: null
test-patient-ui.js:460 Set concept EALABPOTBTW35AND39 to value: null
test-patient-ui.js:460 Set concept EALABPHOSALERT to value: null
test-patient-ui.js:460 Set concept EASHOWPHOSORDERS to value: null
test-patient-ui.js:460 Set concept EAPROTOCOLPHOSIV to value: null
test-patient-ui.js:460 Set concept EACRITERIAVALIDPHOSRESULT4H to value: null
test-patient-ui.js:460 Set concept EALABPHOSBTW00AND09 to value: null
test-patient-ui.js:460 Set concept EAPROTOCOLPHOSORAL to value: null
test-patient-ui.js:460 Set concept ACTIVENPODIETORDER to value: null
test-patient-ui.js:460 Set concept EALABPHOSBTW10AND20 to value: null
test-patient-ui.js:468 Refreshed advisor with test case data
test-patient-ui.js:351 Selected test case: Potassium Level 2.9
